C51 COMPILER V8.18   LCD                                                                   10/07/2014 16:42:09 PAGE 1   


C51 COMPILER V8.18, COMPILATION OF MODULE LCD
OBJECT MODULE PLACED IN lcd.OBJ
COMPILER INVOKED BY: C:\Keil8051\C51\BIN\C51.EXE lcd.c BROWSE DEBUG OBJECTEXTEND

line level    source

   1          #include "lcd.h"
*** ERROR C141 IN LINE 14 OF LCD.H: syntax error near ')'
   2          
   3          void lcd_write_cmd( uint8 cmd )
   4          {
   5   1          RS = 0;
*** ERROR C202 IN LINE 5 OF LCD.C: 'RS': undefined identifier
   6   1          E = 1;
*** ERROR C202 IN LINE 6 OF LCD.C: 'E': undefined identifier
   7   1          P0 = cmd;
   8   1          E = 0;
*** ERROR C202 IN LINE 8 OF LCD.C: 'E': undefined identifier
   9   1          P0 = 0xFF;
  10   1      }
  11          
  12          void lcd_write_data( uint8 data )
*** ERROR C141 IN LINE 12 OF LCD.C: syntax error near ')'
  13          {
  14   1          RS = 1;
*** ERROR C202 IN LINE 14 OF LCD.C: 'RS': undefined identifier
  15   1          E = 1;
*** ERROR C202 IN LINE 15 OF LCD.C: 'E': undefined identifier
  16   1          P0 = data;
*** ERROR C141 IN LINE 16 OF LCD.C: syntax error near 'data'
  17   1          E = 0;
*** ERROR C202 IN LINE 17 OF LCD.C: 'E': undefined identifier
  18   1          P0 = 0xFF;
  19   1      }
  20          
  21          void lcd_init()
  22          {
  23   1          // Set mode
  24   1          lcd_write_cmd( 0x38 );
  25   1          delay( 5 );
  26   1          
  27   1          // Turns on cursor
  28   1          lcd_write_cmd( 0x38 );
  29   1          delay( 5 );
  30   1          
  31   1          // Clears display
  32   1          lcd_write_cmd( 0x01 );
  33   1          delay( 5 );
  34   1          
  35   1          // Set entry mode
  36   1          lcd_write_cmd( 0x04 );
  37   1          delay( 5 );
  38   1      }
  39          
  40          void lcd_print_array( uint8 *array )
  41          {
  42   1          uint8 *iterator;
  43   1          
  44   1          // Get start of array
  45   1          iterator = array;
  46   1          
C51 COMPILER V8.18   LCD                                                                   10/07/2014 16:42:09 PAGE 2   

  47   1          // Check for nul terminator
  48   1          while ( *iterator != NUL )
  49   1          {
  50   2              // Write data at that location
  51   2              lcd_write_data( *array );
  52   2              
  53   2              // Increment the iterator
  54   2              iterator++;
  55   2          }
  56   1      }

C51 COMPILATION COMPLETE.  0 WARNING(S),  9 ERROR(S)
